#
# There is insufficient memory for the Java Runtime Environment to continue.
# Native memory allocation (mmap) failed to map 315621376 bytes for committing reserved memory.
# Possible reasons:
#   The system is out of physical RAM or swap space
#   The process is running with CompressedOops enabled, and the Java Heap may be blocking the growth of the native heap
# Possible solutions:
#   Reduce memory load on the system
#   Increase physical memory or swap space
#   Check if swap backing store is full
#   Decrease Java heap size (-Xmx/-Xms)
#   Decrease number of Java threads
#   Decrease Java thread stack sizes (-Xss)
#   Set larger code cache with -XX:ReservedCodeCacheSize=
#   JVM is running with Unscaled Compressed Oops mode in which the Java heap is
#     placed in the first 4GB address space. The Java Heap base address is the
#     maximum limit for the native heap growth. Please use -XX:HeapBaseMinAddress
#     to set the Java Heap base and to place the Java Heap above 4GB virtual address.
# This output file may be truncated or incomplete.
#
#  Out of Memory Error (os_linux.cpp:2893), pid=15706, tid=15719
#
# JRE version: OpenJDK Runtime Environment (11.0.4+11) (build 11.0.4+11-post-Ubuntu-1ubuntu218.04.3)
# Java VM: OpenJDK 64-Bit Server VM (11.0.4+11-post-Ubuntu-1ubuntu218.04.3, mixed mode, sharing, tiered, compressed oops, g1 gc, linux-amd64)
# Core dump will be written. Default location: Core dumps may be processed with "/usr/share/apport/apport %p %s %c %d %P" (or dumping to /home/alice/Documentos/geradorcodigo-api-spring/org.xtext.tcc.mydsl/core.15706)
#

---------------  S U M M A R Y ------------

Command Line: -Dfile.encoding=UTF-8 org.eclipse.emf.mwe2.launch.runtime.Mwe2Launcher src/org/xtext/tcc/mydsl/GenerateMyDsl.mwe2

Host: Intel(R) Core(TM) i5-5200U CPU @ 2.20GHz, 4 cores, 3G, Ubuntu 18.04.2 LTS
Time: Mon Sep 23 23:04:26 2019 -03 elapsed time: 31 seconds (0d 0h 0m 31s)

---------------  T H R E A D  ---------------

Current thread (0x00007fc1480b6800):  VMThread "VM Thread" [stack: 0x00007fc1280e0000,0x00007fc1281e0000] [id=15719]

Stack: [0x00007fc1280e0000,0x00007fc1281e0000],  sp=0x00007fc1281ddff0,  free space=1015k
Native frames: (J=compiled Java code, A=aot compiled Java code, j=interpreted, Vv=VM code, C=native code)
V  [libjvm.so+0xde4547]
V  [libjvm.so+0xde519b]
V  [libjvm.so+0x6511a5]
V  [libjvm.so+0xbbed38]
V  [libjvm.so+0xbb5ebd]
V  [libjvm.so+0x76f53f]
V  [libjvm.so+0x76f7ae]
V  [libjvm.so+0x77b820]
V  [libjvm.so+0x7f6969]
V  [libjvm.so+0x7f75c2]
V  [libjvm.so+0x7f7a29]
V  [libjvm.so+0x72de6f]
V  [libjvm.so+0x732b6a]
V  [libjvm.so+0xdf01e1]
V  [libjvm.so+0xdeeda8]
V  [libjvm.so+0xdec5e6]
V  [libjvm.so+0xdecaf0]
V  [libjvm.so+0xdecf23]
V  [libjvm.so+0xd7aeea]
V  [libjvm.so+0xbc4a5e]

VM_Operation (0x00007fc151373a40): G1CollectForAllocation, mode: safepoint, requested by thread 0x00007fc148012800


---------------  P R O C E S S  ---------------

Threads class SMR info:
_java_thread_list=0x00007fc14842df50, length=11, elements={
0x00007fc148012800, 0x00007fc1480b9000, 0x00007fc1480bb000, 0x00007fc1480c0800,
0x00007fc1480c2800, 0x00007fc1480c4800, 0x00007fc1480c7000, 0x00007fc1480f6000,
0x00007fc1480fe800, 0x00007fc14832b800, 0x00007fc148434000
}

Java Threads: ( => current thread )
  0x00007fc148012800 JavaThread "main" [_thread_blocked, id=15713, stack(0x00007fc151277000,0x00007fc151378000)]
  0x00007fc1480b9000 JavaThread "Reference Handler" daemon [_thread_blocked, id=15720, stack(0x00007fc113eff000,0x00007fc114000000)]
  0x00007fc1480bb000 JavaThread "Finalizer" daemon [_thread_blocked, id=15721, stack(0x00007fc113dfe000,0x00007fc113eff000)]
  0x00007fc1480c0800 JavaThread "Signal Dispatcher" daemon [_thread_blocked, id=15722, stack(0x00007fc11332e000,0x00007fc11342f000)]
  0x00007fc1480c2800 JavaThread "C2 CompilerThread0" daemon [_thread_blocked, id=15723, stack(0x00007fc11322d000,0x00007fc11332e000)]
  0x00007fc1480c4800 JavaThread "C1 CompilerThread0" daemon [_thread_blocked, id=15724, stack(0x00007fc11312c000,0x00007fc11322d000)]
  0x00007fc1480c7000 JavaThread "Sweeper thread" daemon [_thread_blocked, id=15725, stack(0x00007fc11302b000,0x00007fc11312c000)]
  0x00007fc1480f6000 JavaThread "Service Thread" daemon [_thread_blocked, id=15726, stack(0x00007fc112f2a000,0x00007fc11302b000)]
  0x00007fc1480fe800 JavaThread "Common-Cleaner" daemon [_thread_blocked, id=15728, stack(0x00007fc112d27000,0x00007fc112e28000)]
  0x00007fc14832b800 JavaThread "EMF Reference Cleaner" daemon [_thread_blocked, id=15739, stack(0x00007fc1126fc000,0x00007fc1127fd000)]
  0x00007fc148434000 JavaThread "com.google.inject.internal.util.$Finalizer" daemon [_thread_blocked, id=15740, stack(0x00007fc1125fb000,0x00007fc1126fc000)]

Other Threads:
=>0x00007fc1480b6800 VMThread "VM Thread" [stack: 0x00007fc1280e0000,0x00007fc1281e0000] [id=15719]
  0x00007fc1480f8000 WatcherThread [stack: 0x00007fc112e2a000,0x00007fc112f2a000] [id=15727]
  0x00007fc148029000 GCTaskThread "GC Thread#0" [stack: 0x00007fc14d26c000,0x00007fc14d36c000] [id=15714]
  0x00007fc118001000 GCTaskThread "GC Thread#1" [stack: 0x00007fc1127ff000,0x00007fc1128ff000] [id=15733]
  0x00007fc11807a000 GCTaskThread "GC Thread#2" [stack: 0x00007fc110df9000,0x00007fc110ef9000] [id=15746]
  0x00007fc11807b000 GCTaskThread "GC Thread#3" [stack: 0x00007fc110cf7000,0x00007fc110df7000] [id=15747]
  0x00007fc148043800 ConcurrentGCThread "G1 Main Marker" [stack: 0x00007fc14c7c0000,0x00007fc14c8c0000] [id=15715]
  0x00007fc148045800 ConcurrentGCThread "G1 Conc#0" [stack: 0x00007fc14c6be000,0x00007fc14c7be000] [id=15716]
  0x00007fc148089000 ConcurrentGCThread "G1 Refine#0" [stack: 0x00007fc14c1b8000,0x00007fc14c2b8000] [id=15717]
  0x00007fc120001000 ConcurrentGCThread "G1 Refine#1" [stack: 0x00007fc110efb000,0x00007fc110ffb000] [id=15745]
  0x00007fc14808b000 ConcurrentGCThread "G1 Young RemSet Sampling" [stack: 0x00007fc14c0b6000,0x00007fc14c1b6000] [id=15718]

Threads with active compile tasks:

VM state:at safepoint (normal execution)

VM Mutex/Monitor currently owned by a thread:  ([mutex/lock_event])
[0x00007fc14800ed70] Threads_lock - owner thread: 0x00007fc1480b6800
[0x00007fc14800f4c0] Heap_lock - owner thread: 0x00007fc148012800

Heap address: 0x00000000c3c00000, size: 964 MB, Compressed Oops mode: 32-bit
Narrow klass base: 0x0000000800000000, Narrow klass shift: 3
Compressed class space size: 1073741824 Address: 0x0000000840000000

Heap:
 garbage-first heap   total 525312K, used 149880K [0x00000000c3c00000, 0x0000000100000000)
  region size 1024K, 2 young (2048K), 2 survivors (2048K)
 Metaspace       used 32557K, capacity 33139K, committed 33408K, reserved 1079296K
  class space    used 3657K, capacity 3862K, committed 3968K, reserved 1048576K
Heap Regions: E=young(eden), S=young(survivor), O=old, HS=humongous(starts), HC=humongous(continues), CS=collection set, F=free, A=archive, TAMS=top-at-mark-start (previous, next)
|   0|0x00000000c3c00000, 0x00000000c3d00000, 0x00000000c3d00000|100%| O|  |TAMS 0x00000000c3d00000, 0x00000000c3c00000| Untracked 
|   1|0x00000000c3d00000, 0x00000000c3e00000, 0x00000000c3e00000|100%| O|  |TAMS 0x00000000c3e00000, 0x00000000c3d00000| Untracked 
|   2|0x00000000c3e00000, 0x00000000c3f00000, 0x00000000c3f00000|100%| O|  |TAMS 0x00000000c3e00000, 0x00000000c3e00000| Untracked 
|   3|0x00000000c3f00000, 0x00000000c4000000, 0x00000000c4000000|100%| O|  |TAMS 0x00000000c4000000, 0x00000000c3f00000| Untracked 
|   4|0x00000000c4000000, 0x00000000c4100000, 0x00000000c4100000|100%| O|  |TAMS 0x00000000c4100000, 0x00000000c4000000| Complete 
|   5|0x00000000c4100000, 0x00000000c4200000, 0x00000000c4200000|100%| O|  |TAMS 0x00000000c4200000, 0x00000000c4100000| Untracked 
|   6|0x00000000c4200000, 0x00000000c4300000, 0x00000000c4300000|100%| O|  |TAMS 0x00000000c4300000, 0x00000000c4200000| Untracked 
|   7|0x00000000c4300000, 0x00000000c4400000, 0x00000000c4400000|100%| O|  |TAMS 0x00000000c4400000, 0x00000000c4300000| Complete 
|   8|0x00000000c4400000, 0x00000000c4500000, 0x00000000c4500000|100%| O|  |TAMS 0x00000000c4500000, 0x00000000c4400000| Untracked 
|   9|0x00000000c4500000, 0x00000000c4600000, 0x00000000c4600000|100%| O|  |TAMS 0x00000000c4600000, 0x00000000c4500000| Untracked 
|  10|0x00000000c4600000, 0x00000000c4700000, 0x00000000c4700000|100%| O|  |TAMS 0x00000000c4700000, 0x00000000c4600000| Untracked 
|  11|0x00000000c4700000, 0x00000000c4800000, 0x00000000c4800000|100%| O|  |TAMS 0x00000000c4800000, 0x00000000c4700000| Untracked 
|  12|0x00000000c4800000, 0x00000000c4900000, 0x00000000c4900000|100%| O|  |TAMS 0x00000000c4900000, 0x00000000c4800000| Untracked 
|  13|0x00000000c4900000, 0x00000000c4a00000, 0x00000000c4a00000|100%| O|  |TAMS 0x00000000c4a00000, 0x00000000c4900000| Untracked 
|  14|0x00000000c4a00000, 0x00000000c4b00000, 0x00000000c4b00000|100%| O|  |TAMS 0x00000000c4b00000, 0x00000000c4a00000| Complete 
|  15|0x00000000c4b00000, 0x00000000c4c00000, 0x00000000c4c00000|100%| O|  |TAMS 0x00000000c4c00000, 0x00000000c4b00000| Untracked 
|  16|0x00000000c4c00000, 0x00000000c4d00000, 0x00000000c4d00000|100%| O|  |TAMS 0x00000000c4d00000, 0x00000000c4c00000| Untracked 
|  17|0x00000000c4d00000, 0x00000000c4e00000, 0x00000000c4e00000|100%| O|  |TAMS 0x00000000c4e00000, 0x00000000c4d00000| Untracked 
|  18|0x00000000c4e00000, 0x00000000c4f00000, 0x00000000c4f00000|100%| O|  |TAMS 0x00000000c4f00000, 0x00000000c4e00000| Untracked 
|  19|0x00000000c4f00000, 0x00000000c5000000, 0x00000000c5000000|100%| O|  |TAMS 0x00000000c5000000, 0x00000000c4f00000| Untracked 
|  20|0x00000000c5000000, 0x00000000c5100000, 0x00000000c5100000|100%| O|  |TAMS 0x00000000c5100000, 0x00000000c5000000| Untracked 
|  21|0x00000000c5100000, 0x00000000c5200000, 0x00000000c5200000|100%| O|  |TAMS 0x00000000c5200000, 0x00000000c5100000| Complete 
|  22|0x00000000c5200000, 0x00000000c5300000, 0x00000000c5300000|100%| O|  |TAMS 0x00000000c5300000, 0x00000000c5200000| Untracked 
|  23|0x00000000c5300000, 0x00000000c5400000, 0x00000000c5400000|100%| O|  |TAMS 0x00000000c5400000, 0x00000000c5300000| Untracked 
|  24|0x00000000c5400000, 0x00000000c5500000, 0x00000000c5500000|100%| O|  |TAMS 0x00000000c5500000, 0x00000000c5400000| Untracked 
|  25|0x00000000c5500000, 0x00000000c5600000, 0x00000000c5600000|100%|HS|  |TAMS 0x00000000c5600000, 0x00000000c5500000| Complete 
|  26|0x00000000c5600000, 0x00000000c5700000, 0x00000000c5700000|100%| O|  |TAMS 0x00000000c5700000, 0x00000000c5600000| Untracked 
|  27|0x00000000c5700000, 0x00000000c5800000, 0x00000000c5800000|100%| O|  |TAMS 0x00000000c5800000, 0x00000000c5700000| Untracked 
|  28|0x00000000c5800000, 0x00000000c5900000, 0x00000000c5900000|100%| O|  |TAMS 0x00000000c5900000, 0x00000000c5800000| Untracked 
|  29|0x00000000c5900000, 0x00000000c5a00000, 0x00000000c5a00000|100%| O|  |TAMS 0x00000000c5a00000, 0x00000000c5900000| Untracked 
|  30|0x00000000c5a00000, 0x00000000c5b00000, 0x00000000c5b00000|100%| O|  |TAMS 0x00000000c5b00000, 0x00000000c5a00000| Untracked 
|  31|0x00000000c5b00000, 0x00000000c5c00000, 0x00000000c5c00000|100%| O|  |TAMS 0x00000000c5c00000, 0x00000000c5b00000| Untracked 
|  32|0x00000000c5c00000, 0x00000000c5d00000, 0x00000000c5d00000|100%| O|  |TAMS 0x00000000c5d00000, 0x00000000c5c00000| Untracked 
|  33|0x00000000c5d00000, 0x00000000c5e00000, 0x00000000c5e00000|100%| O|  |TAMS 0x00000000c5e00000, 0x00000000c5d00000| Complete 
|  34|0x00000000c5e00000, 0x00000000c5f00000, 0x00000000c5f00000|100%| O|  |TAMS 0x00000000c5f00000, 0x00000000c5e00000| Untracked 
|  35|0x00000000c5f00000, 0x00000000c6000000, 0x00000000c6000000|100%| O|  |TAMS 0x00000000c6000000, 0x00000000c5f00000| Untracked 
|  36|0x00000000c6000000, 0x00000000c6100000, 0x00000000c6100000|100%| O|  |TAMS 0x00000000c6000000, 0x00000000c6000000| Untracked 
|  37|0x00000000c6100000, 0x00000000c6100000, 0x00000000c6200000|  0%| F|  |TAMS 0x00000000c6100000, 0x00000000c6100000| Untracked 
|  38|0x00000000c6200000, 0x00000000c6300000, 0x00000000c6300000|100%| O|  |TAMS 0x00000000c6200000, 0x00000000c6200000| Untracked 
|  39|0x00000000c6300000, 0x00000000c6400000, 0x00000000c6400000|100%| O|  |TAMS 0x00000000c6300000, 0x00000000c6300000| Untracked 
|  40|0x00000000c6400000, 0x00000000c6500000, 0x00000000c6500000|100%| O|  |TAMS 0x00000000c6400000, 0x00000000c6400000| Untracked 
|  41|0x00000000c6500000, 0x00000000c6600000, 0x00000000c6600000|100%| O|  |TAMS 0x00000000c6600000, 0x00000000c6500000| Complete 
|  42|0x00000000c6600000, 0x00000000c6700000, 0x00000000c6700000|100%| O|  |TAMS 0x00000000c6600000, 0x00000000c6600000| Untracked 
|  43|0x00000000c6700000, 0x00000000c6800000, 0x00000000c6800000|100%| O|  |TAMS 0x00000000c6700000, 0x00000000c6700000| Untracked 
|  44|0x00000000c6800000, 0x00000000c6900000, 0x00000000c6900000|100%| O|  |TAMS 0x00000000c6800000, 0x00000000c6800000| Untracked 
|  45|0x00000000c6900000, 0x00000000c6a00000, 0x00000000c6a00000|100%| O|  |TAMS 0x00000000c6a00000, 0x00000000c6900000| Complete 
|  46|0x00000000c6a00000, 0x00000000c6b00000, 0x00000000c6b00000|100%| O|  |TAMS 0x00000000c6a00000, 0x00000000c6a00000| Untracked 
|  47|0x00000000c6b00000, 0x00000000c6c00000, 0x00000000c6c00000|100%| O|  |TAMS 0x00000000c6c00000, 0x00000000c6b00000| Complete 
|  48|0x00000000c6c00000, 0x00000000c6d00000, 0x00000000c6d00000|100%| O|  |TAMS 0x00000000c6d00000, 0x00000000c6c00000| Complete 
|  49|0x00000000c6d00000, 0x00000000c6d00000, 0x00000000c6e00000|  0%| F|  |TAMS 0x00000000c6d00000, 0x00000000c6d00000| Untracked 
|  50|0x00000000c6e00000, 0x00000000c6f00000, 0x00000000c6f00000|100%| O|  |TAMS 0x00000000c6e00000, 0x00000000c6e00000| Untracked 
|  51|0x00000000c6f00000, 0x00000000c7000000, 0x00000000c7000000|100%| O|  |TAMS 0x00000000c6f00000, 0x00000000c6f00000| Untracked 
|  52|0x00000000c7000000, 0x00000000c7000000, 0x00000000c7100000|  0%| F|  |TAMS 0x00000000c7000000, 0x00000000c7000000| Untracked 
|  53|0x00000000c7100000, 0x00000000c7200000, 0x00000000c7200000|100%| O|  |TAMS 0x00000000c7200000, 0x00000000c7100000| Complete 
|  54|0x00000000c7200000, 0x00000000c7300000, 0x00000000c7300000|100%| O|  |TAMS 0x00000000c7200000, 0x00000000c7200000| Untracked 
|  55|0x00000000c7300000, 0x00000000c7300000, 0x00000000c7400000|  0%| F|  |TAMS 0x00000000c7300000, 0x00000000c7300000| Untracked 
|  56|0x00000000c7400000, 0x00000000c7500000, 0x00000000c7500000|100%| O|  |TAMS 0x00000000c7500000, 0x00000000c7400000| Complete 
|  57|0x00000000c7500000, 0x00000000c7500000, 0x00000000c7600000|  0%| F|  |TAMS 0x00000000c7500000, 0x00000000c7500000| Untracked 
|  58|0x00000000c7600000, 0x00000000c7700000, 0x00000000c7700000|100%| O|  |TAMS 0x00000000c7700000, 0x00000000c7600000| Complete 
|  59|0x00000000c7700000, 0x00000000c7800000, 0x00000000c7800000|100%| O|  |TAMS 0x00000000c7800000, 0x00000000c7700000| Complete 
|  60|0x00000000c7800000, 0x00000000c7800000, 0x00000000c7900000|  0%| F|  |TAMS 0x00000000c7800000, 0x00000000c7800000| Untracked 
|  61|0x00000000c7900000, 0x00000000c7a00000, 0x00000000c7a00000|100%| O|  |TAMS 0x00000000c7a00000, 0x00000000c7900000| Complete 
|  62|0x00000000c7a00000, 0x00000000c7b00000, 0x00000000c7b00000|100%| O|  |TAMS 0x00000000c7b00000, 0x00000000c7a00000| Complete 
|  63|0x00000000c7b00000, 0x00000000c7c00000, 0x00000000c7c00000|100%| O|  |TAMS 0x00000000c7b00000, 0x00000000c7b00000| Untracked 
|  64|0x00000000c7c00000, 0x00000000c7d00000, 0x00000000c7d00000|100%| O|  |TAMS 0x00000000c7c00000, 0x00000000c7c00000| Untracked 
|  65|0x00000000c7d00000, 0x00000000c7e00000, 0x00000000c7e00000|100%| O|  |TAMS 0x00000000c7e00000, 0x00000000c7d00000| Complete 
|  66|0x00000000c7e00000, 0x00000000c7f00000, 0x00000000c7f00000|100%| O|  |TAMS 0x00000000c7e00000, 0x00000000c7e00000| Untracked 
|  67|0x00000000c7f00000, 0x00000000c8000000, 0x00000000c8000000|100%| O|  |TAMS 0x00000000c8000000, 0x00000000c7f00000| Complete 
|  68|0x00000000c8000000, 0x00000000c8100000, 0x00000000c8100000|100%| O|  |TAMS 0x00000000c8000000, 0x00000000c8000000| Untracked 
|  69|0x00000000c8100000, 0x00000000c8200000, 0x00000000c8200000|100%| O|  |TAMS 0x00000000c8200000, 0x00000000c8100000| Complete 
|  70|0x00000000c8200000, 0x00000000c8300000, 0x00000000c8300000|100%| O|  |TAMS 0x00000000c8300000, 0x00000000c8200000| Complete 
|  71|0x00000000c8300000, 0x00000000c8400000, 0x00000000c8400000|100%| O|  |TAMS 0x00000000c8400000, 0x00000000c8300000| Complete 
|  72|0x00000000c8400000, 0x00000000c8400000, 0x00000000c8500000|  0%| F|  |TAMS 0x00000000c8400000, 0x00000000c8400000| Untracked 
|  73|0x00000000c8500000, 0x00000000c8600000, 0x00000000c8600000|100%| O|  |TAMS 0x00000000c8600000, 0x00000000c8500000| Complete 
|  74|0x00000000c8600000, 0x00000000c8600000, 0x00000000c8700000|  0%| F|  |TAMS 0x00000000c8600000, 0x00000000c8600000| Untracked 
|  75|0x00000000c8700000, 0x00000000c8800000, 0x00000000c8800000|100%| O|  |TAMS 0x00000000c8800000, 0x00000000c8700000| Complete 
|  76|0x00000000c8800000, 0x00000000c8800000, 0x00000000c8900000|  0%| F|  |TAMS 0x00000000c8800000, 0x00000000c8800000| Untracked 
|  77|0x00000000c8900000, 0x00000000c8a00000, 0x00000000c8a00000|100%| O|  |TAMS 0x00000000c8a00000, 0x00000000c8900000| Complete 
|  78|0x00000000c8a00000, 0x00000000c8b00000, 0x00000000c8b00000|100%| O|  |TAMS 0x00000000c8b00000, 0x00000000c8a00000| Complete 
|  79|0x00000000c8b00000, 0x00000000c8c00000, 0x00000000c8c00000|100%| O|  |TAMS 0x00000000c8c00000, 0x00000000c8b00000| Complete 
|  80|0x00000000c8c00000, 0x00000000c8d00000, 0x00000000c8d00000|100%| O|  |TAMS 0x00000000c8d00000, 0x00000000c8c00000| Complete 
|  81|0x00000000c8d00000, 0x00000000c8e00000, 0x00000000c8e00000|100%| O|  |TAMS 0x00000000c8e00000, 0x00000000c8d00000| Complete 
|  82|0x00000000c8e00000, 0x00000000c8f00000, 0x00000000c8f00000|100%| O|  |TAMS 0x00000000c8f00000, 0x00000000c8e00000| Complete 
|  83|0x00000000c8f00000, 0x00000000c9000000, 0x00000000c9000000|100%| O|  |TAMS 0x00000000c9000000, 0x00000000c8f00000| Complete 
|  84|0x00000000c9000000, 0x00000000c9100000, 0x00000000c9100000|100%| O|  |TAMS 0x00000000c9100000, 0x00000000c9000000| Complete 
|  85|0x00000000c9100000, 0x00000000c9200000, 0x00000000c9200000|100%| O|  |TAMS 0x00000000c9200000, 0x00000000c9100000| Complete 
|  86|0x00000000c9200000, 0x00000000c9300000, 0x00000000c9300000|100%| O|  |TAMS 0x00000000c9300000, 0x00000000c9200000| Complete 
|  87|0x00000000c9300000, 0x00000000c9400000, 0x00000000c9400000|100%| O|  |TAMS 0x00000000c9400000, 0x00000000c9300000| Complete 
|  88|0x00000000c9400000, 0x00000000c9500000, 0x00000000c9500000|100%| O|  |TAMS 0x00000000c9400000, 0x00000000c9400000| Untracked 
|  89|0x00000000c9500000, 0x00000000c9600000, 0x00000000c9600000|100%| O|  |TAMS 0x00000000c9600000, 0x00000000c9500000| Complete 
|  90|0x00000000c9600000, 0x00000000c9700000, 0x00000000c9700000|100%| O|  |TAMS 0x00000000c9700000, 0x00000000c9600000| Complete 
|  91|0x00000000c9700000, 0x00000000c9800000, 0x00000000c9800000|100%| O|  |TAMS 0x00000000c9800000, 0x00000000c9700000| Complete 
|  92|0x00000000c9800000, 0x00000000c9900000, 0x00000000c9900000|100%| O|  |TAMS 0x00000000c9900000, 0x00000000c9800000| Complete 
|  93|0x00000000c9900000, 0x00000000c9a00000, 0x00000000c9a00000|100%| O|  |TAMS 0x00000000c9a00000, 0x00000000c9900000| Complete 
|  94|0x00000000c9a00000, 0x00000000c9b00000, 0x00000000c9b00000|100%| O|  |TAMS 0x00000000c9b00000, 0x00000000c9a00000| Complete 
|  95|0x00000000c9b00000, 0x00000000c9c00000, 0x00000000c9c00000|100%| O|  |TAMS 0x00000000c9c00000, 0x00000000c9b00000| Complete 
|  96|0x00000000c9c00000, 0x00000000c9d00000, 0x00000000c9d00000|100%| O|  |TAMS 0x00000000c9d00000, 0x00000000c9c00000| Complete 
|  97|0x00000000c9d00000, 0x00000000c9e00000, 0x00000000c9e00000|100%| O|  |TAMS 0x00000000c9d00000, 0x00000000c9d00000| Untracked 
|  98|0x00000000c9e00000, 0x00000000c9f00000, 0x00000000c9f00000|100%| O|  |TAMS 0x00000000c9e00000, 0x00000000c9e00000| Untracked 
|  99|0x00000000c9f00000, 0x00000000c9f00000, 0x00000000ca000000|  0%| F|  |TAMS 0x00000000c9f00000, 0x00000000c9f00000| Untracked 
| 100|0x00000000ca000000, 0x00000000ca100000, 0x00000000ca100000|100%| O|  |TAMS 0x00000000ca100000, 0x00000000ca000000| Complete 
| 101|0x00000000ca100000, 0x00000000ca200000, 0x00000000ca200000|100%| O|  |TAMS 0x00000000ca100000, 0x00000000ca100000| Untracked 
| 102|0x00000000ca200000, 0x00000000ca200000, 0x00000000ca300000|  0%| F|  |TAMS 0x00000000ca200000, 0x00000000ca200000| Untracked 
| 103|0x00000000ca300000, 0x00000000ca400000, 0x00000000ca400000|100%| O|  |TAMS 0x00000000ca300000, 0x00000000ca300000| Untracked 
| 104|0x00000000ca400000, 0x00000000ca500000, 0x00000000ca500000|100%| O|  |TAMS 0x00000000ca500000, 0x00000000ca400000| Complete 
| 105|0x00000000ca500000, 0x00000000ca600000, 0x00000000ca600000|100%| O|  |TAMS 0x00000000ca600000, 0x00000000ca500000| Complete 
| 106|0x00000000ca600000, 0x00000000ca700000, 0x00000000ca700000|100%| O|  |TAMS 0x00000000ca600000, 0x00000000ca600000| Untracked 
| 107|0x00000000ca700000, 0x00000000ca800000, 0x00000000ca800000|100%| O|  |TAMS 0x00000000ca800000, 0x00000000ca700000| Complete 
| 108|0x00000000ca800000, 0x00000000ca900000, 0x00000000ca900000|100%| O|  |TAMS 0x00000000ca900000, 0x00000000ca800000| Complete 
| 109|0x00000000ca900000, 0x00000000caa00000, 0x00000000caa00000|100%| O|  |TAMS 0x00000000caa00000, 0x00000000ca900000| Complete 
| 110|0x00000000caa00000, 0x00000000cab00000, 0x00000000cab00000|100%| O|  |TAMS 0x00000000cab00000, 0x00000000caa00000| Complete 
| 111|0x00000000cab00000, 0x00000000cac00000, 0x00000000cac00000|100%| O|  |TAMS 0x00000000cac00000, 0x00000000cab00000| Complete 
| 112|0x00000000cac00000, 0x00000000cad00000, 0x00000000cad00000|100%| O|  |TAMS 0x00000000cad00000, 0x00000000cac00000| Complete 
| 113|0x00000000cad00000, 0x00000000cae00000, 0x00000000cae00000|100%| O|  |TAMS 0x00000000cae00000, 0x00000000cad00000| Complete 
| 114|0x00000000cae00000, 0x00000000caf00000, 0x00000000caf00000|100%| O|  |TAMS 0x00000000caec0a00, 0x00000000cae00000| Untracked 
| 115|0x00000000caf00000, 0x00000000cb000000, 0x00000000cb000000|100%| O|  |TAMS 0x00000000caf00000, 0x00000000caf00000| Untracked 
| 116|0x00000000cb000000, 0x00000000cb100000, 0x00000000cb100000|100%| O|  |TAMS 0x00000000cb000000, 0x00000000cb000000| Untracked 
| 117|0x00000000cb100000, 0x00000000cb200000, 0x00000000cb200000|100%| O|  |TAMS 0x00000000cb100000, 0x00000000cb100000| Untracked 
| 118|0x00000000cb200000, 0x00000000cb300000, 0x00000000cb300000|100%| O|  |TAMS 0x00000000cb200000, 0x00000000cb200000| Untracked 
| 119|0x00000000cb300000, 0x00000000cb400000, 0x00000000cb400000|100%| O|  |TAMS 0x00000000cb300000, 0x00000000cb300000| Untracked 
| 120|0x00000000cb400000, 0x00000000cb500000, 0x00000000cb500000|100%| O|  |TAMS 0x00000000cb400000, 0x00000000cb400000| Untracked 
| 121|0x00000000cb500000, 0x00000000cb600000, 0x00000000cb600000|100%| O|  |TAMS 0x00000000cb500000, 0x00000000cb500000| Untracked 
| 122|0x00000000cb600000, 0x00000000cb700000, 0x00000000cb700000|100%| O|  |TAMS 0x00000000cb600000, 0x00000000cb600000| Untracked 
| 123|0x00000000cb700000, 0x00000000cb800000, 0x00000000cb800000|100%| O|  |TAMS 0x00000000cb700000, 0x00000000cb700000| Untracked 
| 124|0x00000000cb800000, 0x00000000cb900000, 0x00000000cb900000|100%| O|  |TAMS 0x00000000cb800000, 0x00000000cb800000| Untracked 
| 125|0x00000000cb900000, 0x00000000cba00000, 0x00000000cba00000|100%| O|  |TAMS 0x00000000cb900000, 0x00000000cb900000| Untracked 
| 126|0x00000000cba00000, 0x00000000cbb00000, 0x00000000cbb00000|100%| O|  |TAMS 0x00000000cba00000, 0x00000000cba00000| Untracked 
| 127|0x00000000cbb00000, 0x00000000cbc00000, 0x00000000cbc00000|100%| O|  |TAMS 0x00000000cbb00000, 0x00000000cbb00000| Untracked 
| 128|0x00000000cbc00000, 0x00000000cbd00000, 0x00000000cbd00000|100%| O|  |TAMS 0x00000000cbc00000, 0x00000000cbc00000| Untracked 
| 129|0x00000000cbd00000, 0x00000000cbe00000, 0x00000000cbe00000|100%| O|  |TAMS 0x00000000cbd00000, 0x00000000cbd00000| Untracked 
| 130|0x00000000cbe00000, 0x00000000cbf00000, 0x00000000cbf00000|100%| O|  |TAMS 0x00000000cbe00000, 0x00000000cbe00000| Untracked 
| 131|0x00000000cbf00000, 0x00000000cc000000, 0x00000000cc000000|100%| O|  |TAMS 0x00000000cbf00000, 0x00000000cbf00000| Untracked 
| 132|0x00000000cc000000, 0x00000000cc100000, 0x00000000cc100000|100%| O|  |TAMS 0x00000000cc000000, 0x00000000cc000000| Untracked 
| 133|0x00000000cc100000, 0x00000000cc200000, 0x00000000cc200000|100%| O|  |TAMS 0x00000000cc100000, 0x00000000cc100000| Untracked 
| 134|0x00000000cc200000, 0x00000000cc300000, 0x00000000cc300000|100%| O|  |TAMS 0x00000000cc200000, 0x00000000cc200000| Untracked 
| 135|0x00000000cc300000, 0x00000000cc400000, 0x00000000cc400000|100%| O|  |TAMS 0x00000000cc300000, 0x00000000cc300000| Untracked 
| 136|0x00000000cc400000, 0x00000000cc500000, 0x00000000cc500000|100%| O|  |TAMS 0x00000000cc400000, 0x00000000cc400000| Untracked 
| 137|0x00000000cc500000, 0x00000000cc600000, 0x00000000cc600000|100%| O|  |TAMS 0x00000000cc500000, 0x00000000cc500000| Untracked 
| 138|0x00000000cc600000, 0x00000000cc700000, 0x00000000cc700000|100%| O|  |TAMS 0x00000000cc600000, 0x00000000cc600000| Untracked 
| 139|0x00000000cc700000, 0x00000000cc800000, 0x00000000cc800000|100%| O|  |TAMS 0x00000000cc700000, 0x00000000cc700000| Untracked 
| 140|0x00000000cc800000, 0x00000000cc900000, 0x00000000cc900000|100%| O|  |TAMS 0x00000000cc800000, 0x00000000cc800000| Untracked 
| 141|0x00000000cc900000, 0x00000000cca00000, 0x00000000cca00000|100%| O|  |TAMS 0x00000000cc900000, 0x00000000cc900000| Untracked 
| 142|0x00000000cca00000, 0x00000000ccb00000, 0x00000000ccb00000|100%| O|  |TAMS 0x00000000cca00000, 0x00000000cca00000| Untracked 
| 143|0x00000000ccb00000, 0x00000000ccc00000, 0x00000000ccc00000|100%| O|  |TAMS 0x00000000ccb00000, 0x00000000ccb00000| Untracked 
| 144|0x00000000ccc00000, 0x00000000ccd00000, 0x00000000ccd00000|100%| O|  |TAMS 0x00000000ccc00000, 0x00000000ccc00000| Untracked 
| 145|0x00000000ccd00000, 0x00000000cce00000, 0x00000000cce00000|100%| O|  |TAMS 0x00000000ccd00000, 0x00000000ccd00000| Untracked 
| 146|0x00000000cce00000, 0x00000000ccf00000, 0x00000000ccf00000|100%| O|  |TAMS 0x00000000cce00000, 0x00000000cce00000| Untracked 
| 147|0x00000000ccf00000, 0x00000000cd000000, 0x00000000cd000000|100%| O|  |TAMS 0x00000000ccf00000, 0x00000000ccf00000| Untracked 
| 148|0x00000000cd000000, 0x00000000cd100000, 0x00000000cd100000|100%| O|  |TAMS 0x00000000cd000000, 0x00000000cd000000| Untracked 
| 149|0x00000000cd100000, 0x00000000cd200000, 0x00000000cd200000|100%| O|  |TAMS 0x00000000cd100000, 0x00000000cd100000| Untracked 
| 150|0x00000000cd200000, 0x00000000cd300000, 0x00000000cd300000|100%| O|  |TAMS 0x00000000cd200000, 0x00000000cd200000| Untracked 
| 151|0x00000000cd300000, 0x00000000cd400000, 0x00000000cd400000|100%| O|  |TAMS 0x00000000cd300000, 0x00000000cd300000| Untracked 
| 152|0x00000000cd400000, 0x00000000cd500000, 0x00000000cd500000|100%| O|  |TAMS 0x00000000cd400000, 0x00000000cd400000| Untracked 
| 153|0x00000000cd500000, 0x00000000cd600000, 0x00000000cd600000|100%| O|  |TAMS 0x00000000cd500000, 0x00000000cd500000| Untracked 
| 154|0x00000000cd600000, 0x00000000cd6c0200, 0x00000000cd700000| 75%| O|  |TAMS 0x00000000cd600000, 0x00000000cd600000| Untracked 
| 155|0x00000000cd700000, 0x00000000cd700000, 0x00000000cd800000|  0%| F|  |TAMS 0x00000000cd700000, 0x00000000cd700000| Untracked 
| 156|0x00000000cd800000, 0x00000000cd800000, 0x00000000cd900000|  0%| F|  |TAMS 0x00000000cd800000, 0x00000000cd800000| Untracked 
| 157|0x00000000cd900000, 0x00000000cd900000, 0x00000000cda00000|  0%| F|  |TAMS 0x00000000cd900000, 0x00000000cd900000| Untracked 
| 158|0x00000000cda00000, 0x00000000cda00000, 0x00000000cdb00000|  0%| F|  |TAMS 0x00000000cda00000, 0x00000000cda00000| Untracked 
| 159|0x00000000cdb00000, 0x00000000cdb00000, 0x00000000cdc00000|  0%| F|  |TAMS 0x00000000cdb00000, 0x00000000cdb00000| Untracked 
| 160|0x00000000cdc00000, 0x00000000cdc00000, 0x00000000cdd00000|  0%| F|  |TAMS 0x00000000cdc00000, 0x00000000cdc00000| Untracked 
| 161|0x00000000cdd00000, 0x00000000cdd00000, 0x00000000cde00000|  0%| F|  |TAMS 0x00000000cdd00000, 0x00000000cdd00000| Untracked 
| 162|0x00000000cde00000, 0x00000000cde00000, 0x00000000cdf00000|  0%| F|  |TAMS 0x00000000cde00000, 0x00000000cde00000| Untracked 
| 163|0x00000000cdf00000, 0x00000000cdf00000, 0x00000000ce000000|  0%| F|  |TAMS 0x00000000cdf00000, 0x00000000cdf00000| Untracked 
| 164|0x00000000ce000000, 0x00000000ce000000, 0x00000000ce100000|  0%| F|  |TAMS 0x00000000ce000000, 0x00000000ce000000| Untracked 
| 165|0x00000000ce100000, 0x00000000ce100000, 0x00000000ce200000|  0%| F|  |TAMS 0x00000000ce100000, 0x00000000ce100000| Untracked 
| 166|0x00000000ce200000, 0x00000000ce200000, 0x00000000ce300000|  0%| F|  |TAMS 0x00000000ce200000, 0x00000000ce200000| Untracked 
| 167|0x00000000ce300000, 0x00000000ce300000, 0x00000000ce400000|  0%| F|  |TAMS 0x00000000ce300000, 0x00000000ce300000| Untracked 
| 168|0x00000000ce400000, 0x00000000ce400000, 0x00000000ce500000|  0%| F|  |TAMS 0x00000000ce400000, 0x00000000ce400000| Untracked 
| 169|0x00000000ce500000, 0x00000000ce500000, 0x00000000ce600000|  0%| F|  |TAMS 0x00000000ce500000, 0x00000000ce500000| Untracked 
| 170|0x00000000ce600000, 0x00000000ce600000, 0x00000000ce700000|  0%| F|  |TAMS 0x00000000ce600000, 0x00000000ce600000| Untracked 
| 171|0x00000000ce700000, 0x00000000ce700000, 0x00000000ce800000|  0%| F|  |TAMS 0x00000000ce700000, 0x00000000ce700000| Untracked 
| 172|0x00000000ce800000, 0x00000000ce800000, 0x00000000ce900000|  0%| F|  |TAMS 0x00000000ce800000, 0x00000000ce800000| Untracked 
| 173|0x00000000ce900000, 0x00000000ce900000, 0x00000000cea00000|  0%| F|  |TAMS 0x00000000ce900000, 0x00000000ce900000| Untracked 
| 174|0x00000000cea00000, 0x00000000cea00000, 0x00000000ceb00000|  0%| F|  |TAMS 0x00000000cea00000, 0x00000000cea00000| Untracked 
| 175|0x00000000ceb00000, 0x00000000ceb00000, 0x00000000cec00000|  0%| F|  |TAMS 0x00000000ceb00000, 0x00000000ceb00000| Untracked 
| 176|0x00000000cec00000, 0x00000000cec00000, 0x00000000ced00000|  0%| F|  |TAMS 0x00000000cec00000, 0x00000000cec00000| Untracked 
| 177|0x00000000ced00000, 0x00000000ced00000, 0x00000000cee00000|  0%| F|  |TAMS 0x00000000ced00000, 0x00000000ced00000| Untracked 
| 178|0x00000000cee00000, 0x00000000cee00000, 0x00000000cef00000|  0%| F|  |TAMS 0x00000000cee00000, 0x00000000cee00000| Untracked 
| 179|0x00000000cef00000, 0x00000000cef00000, 0x00000000cf000000|  0%| F|  |TAMS 0x00000000cef00000, 0x00000000cef00000| Untracked 
| 180|0x00000000cf000000, 0x00000000cf000000, 0x00000000cf100000|  0%| F|  |TAMS 0x00000000cf000000, 0x00000000cf000000| Untracked 
| 181|0x00000000cf100000, 0x00000000cf100000, 0x00000000cf200000|  0%| F|  |TAMS 0x00000000cf100000, 0x00000000cf100000| Untracked 
| 182|0x00000000cf200000, 0x00000000cf200000, 0x00000000cf300000|  0%| F|  |TAMS 0x00000000cf200000, 0x00000000cf200000| Untracked 
| 183|0x00000000cf300000, 0x00000000cf300000, 0x00000000cf400000|  0%| F|  |TAMS 0x00000000cf300000, 0x00000000cf300000| Untracked 
| 184|0x00000000cf400000, 0x00000000cf400000, 0x00000000cf500000|  0%| F|  |TAMS 0x00000000cf400000, 0x00000000cf400000| Untracked 
| 185|0x00000000cf500000, 0x00000000cf500000, 0x00000000cf600000|  0%| F|  |TAMS 0x00000000cf500000, 0x00000000cf500000| Untracked 
| 186|0x00000000cf600000, 0x00000000cf600000, 0x00000000cf700000|  0%| F|  |TAMS 0x00000000cf600000, 0x00000000cf600000| Untracked 
| 187|0x00000000cf700000, 0x00000000cf700000, 0x00000000cf800000|  0%| F|  |TAMS 0x00000000cf700000, 0x00000000cf700000| Untracked 
| 188|0x00000000cf800000, 0x00000000cf800000, 0x00000000cf900000|  0%| F|  |TAMS 0x00000000cf800000, 0x00000000cf800000| Untracked 
| 189|0x00000000cf900000, 0x00000000cf900000, 0x00000000cfa00000|  0%| F|  |TAMS 0x00000000cf900000, 0x00000000cf900000| Untracked 
| 190|0x00000000cfa00000, 0x00000000cfa00000, 0x00000000cfb00000|  0%| F|  |TAMS 0x00000000cfa00000, 0x00000000cfa00000| Untracked 
| 191|0x00000000cfb00000, 0x00000000cfb00000, 0x00000000cfc00000|  0%| F|  |TAMS 0x00000000cfb00000, 0x00000000cfb00000| Untracked 
| 192|0x00000000cfc00000, 0x00000000cfc00000, 0x00000000cfd00000|  0%| F|  |TAMS 0x00000000cfc00000, 0x00000000cfc00000| Untracked 
| 193|0x00000000cfd00000, 0x00000000cfd00000, 0x00000000cfe00000|  0%| F|  |TAMS 0x00000000cfd00000, 0x00000000cfd00000| Untracked 
| 194|0x00000000cfe00000, 0x00000000cfe00000, 0x00000000cff00000|  0%| F|  |TAMS 0x00000000cfe00000, 0x00000000cfe00000| Untracked 
| 195|0x00000000cff00000, 0x00000000cff00000, 0x00000000d0000000|  0%| F|  |TAMS 0x00000000cff00000, 0x00000000cff00000| Untracked 
| 196|0x00000000d0000000, 0x00000000d0000000, 0x00000000d0100000|  0%| F|  |TAMS 0x00000000d0000000, 0x00000000d0000000| Untracked 
| 197|0x00000000d0100000, 0x00000000d0100000, 0x00000000d0200000|  0%| F|  |TAMS 0x00000000d0100000, 0x00000000d0100000| Untracked 
| 198|0x00000000d0200000, 0x00000000d0200000, 0x00000000d0300000|  0%| F|  |TAMS 0x00000000d0200000, 0x00000000d0200000| Untracked 
| 199|0x00000000d0300000, 0x00000000d0300000, 0x00000000d0400000|  0%| F|  |TAMS 0x00000000d0300000, 0x00000000d0300000| Untracked 
| 200|0x00000000d0400000, 0x00000000d0500000, 0x00000000d0500000|100%| S|CS|TAMS 0x00000000d0400000, 0x00000000d0400000| Complete 
| 201|0x00000000d0500000, 0x00000000d0600000, 0x00000000d0600000|100%| S|CS|TAMS 0x00000000d0500000, 0x00000000d0500000| Complete 
| 202|0x00000000d0600000, 0x00000000d0600000, 0x00000000d0700000|  0%| F|  |TAMS 0x00000000d0600000, 0x00000000d0600000| Untracked 
| 203|0x00000000d0700000, 0x00000000d0700000, 0x00000000d0800000|  0%| F|  |TAMS 0x00000000d0700000, 0x00000000d0700000| Untracked 
| 204|0x00000000d0800000, 0x00000000d0800000, 0x00000000d0900000|  0%| F|  |TAMS 0x00000000d0800000, 0x00000000d0800000| Untracked 
| 205|0x00000000d0900000, 0x00000000d0900000, 0x00000000d0a00000|  0%| F|  |TAMS 0x00000000d0900000, 0x00000000d0900000| Untracked 
| 206|0x00000000d0a00000, 0x00000000d0a00000, 0x00000000d0b00000|  0%| F|  |TAMS 0x00000000d0a00000, 0x00000000d0a00000| Untracked 
| 207|0x00000000d0b00000, 0x00000000d0b00000, 0x00000000d0c00000|  0%| F|  |TAMS 0x00000000d0b00000, 0x00000000d0b00000| Untracked 
| 208|0x00000000d0c00000, 0x00000000d0c00000, 0x00000000d0d00000|  0%| F|  |TAMS 0x00000000d0c00000, 0x00000000d0c00000| Untracked 
| 209|0x00000000d0d00000, 0x00000000d0d00000, 0x00000000d0e00000|  0%| F|  |TAMS 0x00000000d0d00000, 0x00000000d0d00000| Untracked 
| 962|0x00000000ffe00000, 0x00000000ffe34000, 0x00000000fff00000| 20%|OA|  |TAMS 0x00000000ffe34000, 0x00000000ffe00000| Untracked 
| 963|0x00000000fff00000, 0x00000000fff6a000, 0x0000000100000000| 41%|CA|  |TAMS 0x00000000fff6a000, 0x00000000fff00000| Untracked 

Card table byte_map: [0x00007fc14caa2000,0x00007fc14cc84000] _byte_map_base: 0x00007fc14c484000

Marking Bits (Prev, Next): (CMBitMap*) 0x00007fc14803ef88, (CMBitMap*) 0x00007fc14803efc0
 Prev Bits: [0x00007fc12b0f0000, 0x00007fc12c000000)
 Next Bits: [0x00007fc12a1e0000, 0x00007fc12b0f0000)

Polling page: 0x00007fc15138f000

Metaspace:

Usage:
  Non-class:     28,59 MB capacity,    28,22 MB ( 99%) used,   315,50 KB (  1%) free+waste,    61,69 KB ( <1%) overhead. 
      Class:      3,77 MB capacity,     3,57 MB ( 95%) used,   177,27 KB (  5%) free+waste,    26,75 KB ( <1%) overhead. 
       Both:     32,36 MB capacity,    31,79 MB ( 98%) used,   492,77 KB (  1%) free+waste,    88,44 KB ( <1%) overhead. 

Virtual space:
  Non-class space:       30,00 MB reserved,      28,75 MB ( 96%) committed 
      Class space:        1,00 GB reserved,       3,88 MB ( <1%) committed 
             Both:        1,03 GB reserved,      32,62 MB (  3%) committed 

Chunk freelists:
   Non-Class:  55,00 KB
       Class:  10,00 KB
        Both:  65,00 KB

CodeHeap 'non-profiled nmethods': size=120032Kb used=2968Kb max_used=2968Kb free=117063Kb
 bounds [0x00007fc13841e000, 0x00007fc13870e000, 0x00007fc13f956000]
CodeHeap 'profiled nmethods': size=120032Kb used=16510Kb max_used=16510Kb free=103521Kb
 bounds [0x00007fc130ee6000, 0x00007fc131f06000, 0x00007fc13841e000]
CodeHeap 'non-nmethods': size=5696Kb used=1182Kb max_used=1224Kb free=4513Kb
 bounds [0x00007fc130956000, 0x00007fc130bc6000, 0x00007fc130ee6000]
 total_blobs=8468 nmethods=6585 adapters=433
 compilation: enabled
              stopped_count=0, restarted_count=0
 full_count=0

Compilation events (10 events):
Event: 29,164 Thread 0x00007fc1480c4800 nmethod 6653 0x00007fc131f05390 code [0x00007fc131f05560, 0x00007fc131f059b0]
Event: 29,182 Thread 0x00007fc1480c2800 nmethod 6632 0x00007fc1386f6090 code [0x00007fc1386f62c0, 0x00007fc1386f7260]
Event: 29,182 Thread 0x00007fc1480c2800 6654       4       java.lang.Integer::equals (29 bytes)
Event: 29,183 Thread 0x00007fc1480c2800 nmethod 6654 0x00007fc1386f7a90 code [0x00007fc1386f7c20, 0x00007fc1386f7cd8]
Event: 29,183 Thread 0x00007fc1480c2800 6622       4       org.antlr.stringtemplate.StringTemplate::dup (97 bytes)
Event: 29,189 Thread 0x00007fc1480c2800 nmethod 6622 0x00007fc1386f7d90 code [0x00007fc1386f7f20, 0x00007fc1386f86d8]
Event: 29,189 Thread 0x00007fc1480c2800 6650 %     4       org.antlr.analysis.DFA::getRunLengthEncoding @ 103 (210 bytes)
Event: 29,535 Thread 0x00007fc1480c2800 nmethod 6650% 0x00007fc1386f8790 code [0x00007fc1386f8a80, 0x00007fc1386fc5f8]
Event: 29,535 Thread 0x00007fc1480c2800 6655       4       org.antlr.analysis.DFA::getRunLengthEncoding (210 bytes)
Event: 30,184 Thread 0x00007fc1480c2800 nmethod 6655 0x00007fc1386fe110 code [0x00007fc1386fe420, 0x00007fc1387023d8]

GC Heap History (10 events):
Event: 28,482 GC heap after
{Heap after GC invocations=49 (full 0):
 garbage-first heap   total 217088K, used 118136K [0x00000000c3c00000, 0x0000000100000000)
  region size 1024K, 7 young (7168K), 7 survivors (7168K)
 Metaspace       used 32532K, capacity 33133K, committed 33408K, reserved 1079296K
  class space    used 3657K, capacity 3861K, committed 3968K, reserved 1048576K
}
Event: 28,488 GC heap before
{Heap before GC invocations=49 (full 0):
 garbage-first heap   total 217088K, used 120184K [0x00000000c3c00000, 0x0000000100000000)
  region size 1024K, 10 young (10240K), 7 survivors (7168K)
 Metaspace       used 32532K, capacity 33133K, committed 33408K, reserved 1079296K
  class space    used 3657K, capacity 3861K, committed 3968K, reserved 1048576K
}
Event: 28,495 GC heap after
{Heap after GC invocations=50 (full 0):
 garbage-first heap   total 217088K, used 119418K [0x00000000c3c00000, 0x0000000100000000)
  region size 1024K, 2 young (2048K), 2 survivors (2048K)
 Metaspace       used 32532K, capacity 33133K, committed 33408K, reserved 1079296K
  class space    used 3657K, capacity 3861K, committed 3968K, reserved 1048576K
}
Event: 29,241 GC heap before
{Heap before GC invocations=51 (full 0):
 garbage-first heap   total 217088K, used 134778K [0x00000000c3c00000, 0x0000000100000000)
  region size 1024K, 18 young (18432K), 2 survivors (2048K)
 Metaspace       used 32557K, capacity 33139K, committed 33408K, reserved 1079296K
  class space    used 3657K, capacity 3862K, committed 3968K, reserved 1048576K
}
Event: 29,248 GC heap after
{Heap after GC invocations=52 (full 0):
 garbage-first heap   total 217088K, used 128453K [0x00000000c3c00000, 0x0000000100000000)
  region size 1024K, 3 young (3072K), 3 survivors (3072K)
 Metaspace       used 32557K, capacity 33139K, committed 33408K, reserved 1079296K
  class space    used 3657K, capacity 3862K, committed 3968K, reserved 1048576K
}
Event: 29,546 GC heap before
{Heap before GC invocations=52 (full 0):
 garbage-first heap   total 217088K, used 134597K [0x00000000c3c00000, 0x0000000100000000)
  region size 1024K, 10 young (10240K), 3 survivors (3072K)
 Metaspace       used 32557K, capacity 33139K, committed 33408K, reserved 1079296K
  class space    used 3657K, capacity 3862K, committed 3968K, reserved 1048576K
}
Event: 29,565 GC heap after
{Heap after GC invocations=53 (full 0):
 garbage-first heap   total 217088K, used 134008K [0x00000000c3c00000, 0x0000000100000000)
  region size 1024K, 2 young (2048K), 2 survivors (2048K)
 Metaspace       used 32557K, capacity 33139K, committed 33408K, reserved 1079296K
  class space    used 3657K, capacity 3862K, committed 3968K, reserved 1048576K
}
Event: 29,604 GC heap before
{Heap before GC invocations=53 (full 0):
 garbage-first heap   total 217088K, used 141176K [0x00000000c3c00000, 0x0000000100000000)
  region size 1024K, 10 young (10240K), 2 survivors (2048K)
 Metaspace       used 32557K, capacity 33139K, committed 33408K, reserved 1079296K
  class space    used 3657K, capacity 3862K, committed 3968K, reserved 1048576K
}
Event: 30,179 GC heap after
{Heap after GC invocations=54 (full 0):
 garbage-first heap   total 217088K, used 142200K [0x00000000c3c00000, 0x0000000100000000)
  region size 1024K, 2 young (2048K), 2 survivors (2048K)
 Metaspace       used 32557K, capacity 33139K, committed 33408K, reserved 1079296K
  class space    used 3657K, capacity 3862K, committed 3968K, reserved 1048576K
}
Event: 30,210 GC heap before
{Heap before GC invocations=54 (full 0):
 garbage-first heap   total 217088K, used 149368K [0x00000000c3c00000, 0x0000000100000000)
  region size 1024K, 10 young (10240K), 2 survivors (2048K)
 Metaspace       used 32557K, capacity 33139K, committed 33408K, reserved 1079296K
  class space    used 3657K, capacity 3862K, committed 3968K, reserved 1048576K
}

Deoptimization events (10 events):
Event: 24,114 Thread 0x00007fc148012800 DEOPT PACKING pc=0x00007fc131ecf06d sp=0x00007fc151375180
Event: 24,114 Thread 0x00007fc148012800 DEOPT UNPACKING pc=0x00007fc13097e83a sp=0x00007fc151374728 mode 0
Event: 24,116 Thread 0x00007fc148012800 DEOPT PACKING pc=0x00007fc131ecf06d sp=0x00007fc151375180
Event: 24,116 Thread 0x00007fc148012800 DEOPT UNPACKING pc=0x00007fc13097e83a sp=0x00007fc151374728 mode 0
Event: 24,118 Thread 0x00007fc148012800 DEOPT PACKING pc=0x00007fc131ecf06d sp=0x00007fc151375180
Event: 24,118 Thread 0x00007fc148012800 DEOPT UNPACKING pc=0x00007fc13097e83a sp=0x00007fc151374728 mode 0
Event: 29,164 Thread 0x00007fc148012800 Uncommon trap: trap_request=0xffffff4d fr.pc=0x00007fc1386f5f98 relative=0x0000000000000078
Event: 29,164 Thread 0x00007fc148012800 Uncommon trap: reason=unstable_if action=reinterpret pc=0x00007fc1386f5f98 method=java.lang.Integer.equals(Ljava/lang/Object;)Z @ 18 c2
Event: 29,164 Thread 0x00007fc148012800 DEOPT PACKING pc=0x00007fc1386f5f98 sp=0x00007fc151373db0
Event: 29,164 Thread 0x00007fc148012800 DEOPT UNPACKING pc=0x00007fc13097ea25 sp=0x00007fc151373d68 mode 2

Classes redefined (0 events):
No events

Internal exceptions (10 events):
Event: 10,017 Thread 0x00007fc148012800 Exception <a 'java/lang/NoSuchMethodError'{0x00000000c6e45ea8}: 'java.lang.Object java.lang.invoke.DelegatingMethodHandle$Holder.reinvoke_L(java.lang.Object, int, int, java.lang.Object, java.lang.Object, java.lang.Object)'> (0x00000000c6e45ea8) thrown at 
Event: 10,017 Thread 0x00007fc148012800 Exception <a 'java/lang/NoSuchMethodError'{0x00000000c6e4a230}: 'java.lang.Object java.lang.invoke.DirectMethodHandle$Holder.invokeStatic(java.lang.Object, java.lang.Object, java.lang.Object, java.lang.Object, int)'> (0x00000000c6e4a230) thrown at [/build
Event: 10,266 Thread 0x00007fc148012800 Exception <a 'java/lang/NoSuchMethodError'{0x00000000c62cbac0}: 'void java.lang.invoke.DirectMethodHandle$Holder.invokeSpecial(java.lang.Object, java.lang.Object, java.lang.Object, java.lang.Object)'> (0x00000000c62cbac0) thrown at [/build/openjdk-lts-7bq
Event: 16,775 Thread 0x00007fc148012800 Implicit null exception at 0x00007fc13858b7ad to 0x00007fc13858dbfa
Event: 22,100 Thread 0x00007fc148012800 Implicit null exception at 0x00007fc138524ba6 to 0x00007fc138525526
Event: 22,880 Thread 0x00007fc148012800 Implicit null exception at 0x00007fc1386b0440 to 0x00007fc1386b06b6
Event: 22,880 Thread 0x00007fc148012800 Implicit null exception at 0x00007fc1386b0440 to 0x00007fc1386b06b6
Event: 22,880 Thread 0x00007fc148012800 Implicit null exception at 0x00007fc1386b0440 to 0x00007fc1386b06b6
Event: 22,880 Thread 0x00007fc148012800 Implicit null exception at 0x00007fc1386b0440 to 0x00007fc1386b06b6
Event: 23,499 Thread 0x00007fc148012800 Implicit null exception at 0x00007fc1386ccb53 to 0x00007fc1386ccf62

Events (10 events):
Event: 28,888 Executing VM operation: CGC_Operation done
Event: 29,088 Executing VM operation: CGC_Operation
Event: 29,136 Executing VM operation: CGC_Operation done
Event: 29,241 Executing VM operation: G1CollectForAllocation
Event: 29,248 Executing VM operation: G1CollectForAllocation done
Event: 29,546 Executing VM operation: G1CollectForAllocation
Event: 29,565 Executing VM operation: G1CollectForAllocation done
Event: 29,604 Executing VM operation: G1CollectForAllocation
Event: 30,179 Executing VM operation: G1CollectForAllocation done
Event: 30,210 Executing VM operation: G1CollectForAllocation


Dynamic libraries:
c3c00000-d0e00000 rw-p 00000000 00:00 0 
e3b00000-ffe00000 ---p 00000000 00:00 0 
ffe00000-ffe34000 rw-p 01116000 08:02 6685516                            /usr/lib/jvm/java-11-openjdk-amd64/lib/server/classes.jsa
ffe34000-fff00000 rw-p 00000000 00:00 0 
fff00000-fff6a000 rw-p 010ac000 08:02 6685516                            /usr/lib/jvm/java-11-openjdk-amd64/lib/server/classes.jsa
fff6a000-100000000 rw-p 00000000 00:00 0 
800000000-800002000 rwxp 00001000 08:02 6685516                          /usr/lib/jvm/java-11-openjdk-amd64/lib/server/classes.jsa
800002000-8003bd000 rw-p 00003000 08:02 6685516                          /usr/lib/jvm/java-11-openjdk-amd64/lib/server/classes.jsa
8003bd000-800a98000 r--p 003be000 08:02 6685516                          /usr/lib/jvm/java-11-openjdk-amd64/lib/server/classes.jsa
800a98000-800a99000 rw-p 00a99000 08:02 6685516                          /usr/lib/jvm/java-11-openjdk-amd64/lib/server/classes.jsa
800a99000-8010ab000 r--p 00a9a000 08:02 6685516                          /usr/lib/jvm/java-11-openjdk-amd64/lib/server/classes.jsa
840000000-8403e0000 rw-p 00000000 00:00 0 
8403e0000-880000000 ---p 00000000 00:00 0 
56141c509000-56141c50a000 r-xp 00000000 08:02 4719159                    /usr/lib/jvm/java-11-openjdk-amd64/bin/java
56141c70a000-56141c70b000 r--p 00001000 08:02 4719159                    /usr/lib/jvm/java-11-openjdk-amd64/bin/java
56141c70b000-56141c70c000 rw-p 00002000 08:02 4719159                    /usr/lib/jvm/java-11-openjdk-amd64/bin/java
56141cba9000-56141cbca000 rw-p 00000000 00:00 0                          [heap]
7fc0d4000000-7fc0d4021000 rw-p 00000000 00:00 0 
7fc0d4021000-7fc0d8000000 ---p 00000000 00:00 0 
7fc0d8000000-7fc0d8021000 rw-p 00000000 00:00 0 
7fc0d8021000-7fc0dc000000 ---p 00000000 00:00 0 
7fc0dc000000-7fc0dc021000 rw-p 00000000 00:00 0 
7fc0dc021000-7fc0e0000000 ---p 00000000 00:00 0 
7fc0e0000000-7fc0e0021000 rw-p 00000000 00:00 0 
7fc0e0021000-7fc0e4000000 ---p 00000000 00:00 0 
7fc0e4000000-7fc0e4021000 rw-p 00000000 00:00 0 
7fc0e4021000-7fc0e8000000 ---p 00000000 00:00 0 
7fc0e8000000-7fc0e8021000 rw-p 00000000 00:00 0 
7fc0e8021000-7fc0ec000000 ---p 00000000 00:00 0 
7fc0ec000000-7fc0ec021000 rw-p 00000000 00:00 0 
7fc0ec021000-7fc0f0000000 ---p 00000000 00:00 0 
7fc0f0000000-7fc0f0021000 rw-p 00000000 00:00 0 
7fc0f0021000-7fc0f4000000 ---p 00000000 00:00 0 
7fc0f4000000-7fc0f4021000 rw-p 00000000 00:00 0 
7fc0f4021000-7fc0f8000000 ---p 00000000 00:00 0 
7fc0f8000000-7fc0f8021000 rw-p 00000000 00:00 0 
7fc0f8021000-7fc0fc000000 ---p 00000000 00:00 0 
7fc0fc000000-7fc0fd746000 rw-p 00000000 00:00 0 
7fc0fd746000-7fc100000000 ---p 00000000 00:00 0 
7fc100000000-7fc100e35000 rw-p 00000000 00:00 0 
7fc100e35000-7fc104000000 ---p 00000000 00:00 0 
7fc104000000-7fc104021000 rw-p 00000000 00:00 0 
7fc104021000-7fc108000000 ---p 00000000 00:00 0 
7fc108000000-7fc108021000 rw-p 00000000 00:00 0 
7fc108021000-7fc10c000000 ---p 00000000 00:00 0 
7fc10c000000-7fc10c021000 rw-p 00000000 00:00 0 
7fc10c021000-7fc110000000 ---p 00000000 00:00 0 
7fc110cf5000-7fc110cf6000 ---p 00000000 00:00 0 
7fc110cf6000-7fc110df7000 rw-p 00000000 00:00 0 
7fc110df7000-7fc110df8000 ---p 00000000 00:00 0 
7fc110df8000-7fc110ef9000 rw-p 00000000 00:00 0 
7fc110ef9000-7fc110efa000 ---p 00000000 00:00 0 
7fc110efa000-7fc1110bb000 rw-p 00000000 00:00 0 
7fc1110bb000-7fc1111fb000 ---p 00000000 00:00 0 
7fc1111fb000-7fc1113fb000 rw-p 00000000 00:00 0 
7fc1113fb000-7fc1115fb000 rw-p 00000000 00:00 0 
7fc1115fb000-7fc1117fb000 rw-p 00000000 00:00 0 
7fc1117fb000-7fc1119fb000 rw-p 00000000 00:00 0 
7fc1119fb000-7fc111bfb000 rw-p 00000000 00:00 0 
7fc111bfb000-7fc111dfb000 rw-p 00000000 00:00 0 
7fc111dfb000-7fc111ffb000 rw-p 00000000 00:00 0 
7fc111ffb000-7fc1121fb000 rw-p 00000000 00:00 0 
7fc1121fb000-7fc1123fb000 rw-p 00000000 00:00 0 
7fc1123fb000-7fc1125fb000 rw-p 00000000 00:00 0 
7fc1125fb000-7fc1125ff000 ---p 00000000 00:00 0 
7fc1125ff000-7fc1126fc000 rw-p 00000000 00:00 0 
7fc1126fc000-7fc112700000 ---p 00000000 00:00 0 
7fc112700000-7fc1127fd000 rw-p 00000000 00:00 0 
7fc1127fd000-7fc1127fe000 ---p 00000000 00:00 0 
7fc1127fe000-7fc1128ff000 rw-p 00000000 00:00 0 
7fc1128ff000-7fc112915000 r-xp 00000000 08:02 6685506                    /usr/lib/jvm/java-11-openjdk-amd64/lib/libnet.so
7fc112915000-7fc112b14000 ---p 00016000 08:02 6685506                    /usr/lib/jvm/java-11-openjdk-amd64/lib/libnet.so
7fc112b14000-7fc112b15000 r--p 00015000 08:02 6685506                    /usr/lib/jvm/java-11-openjdk-amd64/lib/libnet.so
7fc112b15000-7fc112b16000 rw-p 00016000 08:02 6685506                    /usr/lib/jvm/java-11-openjdk-amd64/lib/libnet.so
7fc112b16000-7fc112b26000 r-xp 00000000 08:02 6685507                    /usr/lib/jvm/java-11-openjdk-amd64/lib/libnio.so
7fc112b26000-7fc112d25000 ---p 00010000 08:02 6685507                    /usr/lib/jvm/java-11-openjdk-amd64/lib/libnio.so
7fc112d25000-7fc112d26000 r--p 0000f000 08:02 6685507                    /usr/lib/jvm/java-11-openjdk-amd64/lib/libnio.so
7fc112d26000-7fc112d27000 rw-p 00010000 08:02 6685507                    /usr/lib/jvm/java-11-openjdk-amd64/lib/libnio.so
7fc112d27000-7fc112d2b000 ---p 00000000 00:00 0 
7fc112d2b000-7fc112e28000 rw-p 00000000 00:00 0 
7fc112e28000-7fc112e29000 ---p 00000000 00:00 0 
7fc112e29000-7fc112f2a000 rw-p 00000000 00:00 0 
7fc112f2a000-7fc112f2e000 ---p 00000000 00:00 0 
7fc112f2e000-7fc11302b000 rw-p 00000000 00:00 0 
7fc11302b000-7fc11302f000 ---p 00000000 00:00 0 
7fc11302f000-7fc11312c000 rw-p 00000000 00:00 0 
7fc11312c000-7fc113130000 ---p 00000000 00:00 0 
7fc113130000-7fc11322d000 rw-p 00000000 00:00 0 
7fc11322d000-7fc113231000 ---p 00000000 00:00 0 
7fc113231000-7fc11332e000 rw-p 00000000 00:00 0 
7fc11332e000-7fc113332000 ---p 00000000 00:00 0 
7fc113332000-7fc11342f000 rw-p 00000000 00:00 0 
7fc11342f000-7fc113dfe000 r--p 00000000 08:02 4594370                    /usr/lib/locale/locale-archive
7fc113dfe000-7fc113e02000 ---p 00000000 00:00 0 
7fc113e02000-7fc113eff000 rw-p 00000000 00:00 0 
7fc113eff000-7fc113f03000 ---p 00000000 00:00 0 
7fc113f03000-7fc114000000 rw-p 00000000 00:00 0 
7fc114000000-7fc114021000 rw-p 00000000 00:00 0 
7fc114021000-7fc118000000 ---p 00000000 00:00 0 
7fc118000000-7fc118084000 rw-p 00000000 00:00 0 
7fc118084000-7fc11c000000 ---p 00000000 00:00 0 
7fc11c000000-7fc11c04a000 rw-p 00000000 00:00 0 
7fc11c04a000-7fc120000000 ---p 00000000 00:00 0 
7fc120000000-7fc120021000 rw-p 00000000 00:00 0 
7fc120021000-7fc124000000 ---p 00000000 00:00 0 
7fc124000000-7fc124021000 rw-p 00000000 00:00 0 
7fc124021000-7fc128000000 ---p 00000000 00:00 0 
7fc1280de000-7fc1280df000 ---p 00000000 00:00 0 
7fc1280df000-7fc12a528000 rw-p 00000000 00:00 0 
7fc12a528000-7fc12b0e8000 ---p 00000000 00:00 0 
7fc12b0e8000-7fc12b438000 rw-p 00000000 00:00 0 
7fc12b438000-7fc12bff8000 ---p 00000000 00:00 0 
7fc12bff8000-7fc12c000000 rw-p 00000000 00:00 0 
7fc12c000000-7fc12c021000 rw-p 00000000 00:00 0 
7fc12c021000-7fc130000000 ---p 00000000 00:00 0 
7fc1300d5000-7fc130956000 rw-p 00000000 00:00 0 
7fc130956000-7fc130bc6000 rwxp 00000000 00:00 0 
7fc130bc6000-7fc130ee6000 ---p 00000000 00:00 0 
7fc130ee6000-7fc131f06000 rwxp 00000000 00:00 0 
7fc131f06000-7fc13841e000 ---p 00000000 00:00 0 
7fc13841e000-7fc13870e000 rwxp 00000000 00:00 0 
7fc13870e000-7fc13f956000 ---p 00000000 00:00 0 
7fc13f956000-7fc148000000 r--s 00000000 08:02 6689491                    /usr/lib/jvm/java-11-openjdk-amd64/lib/modules
7fc148000000-7fc148bf5000 rw-p 00000000 00:00 0 
7fc148bf5000-7fc14c000000 ---p 00000000 00:00 0 
7fc14c059000-7fc14c0b4000 rw-p 00000000 00:00 0 
7fc14c0b4000-7fc14c0b5000 ---p 00000000 00:00 0 
7fc14c0b5000-7fc14c1b6000 rw-p 00000000 00:00 0 
7fc14c1b6000-7fc14c1b7000 ---p 00000000 00:00 0 
7fc14c1b7000-7fc14c6bc000 rw-p 00000000 00:00 0 
7fc14c6bc000-7fc14c6bd000 ---p 00000000 00:00 0 
7fc14c6bd000-7fc14c7be000 rw-p 00000000 00:00 0 
7fc14c7be000-7fc14c7bf000 ---p 00000000 00:00 0 
7fc14c7bf000-7fc14c929000 rw-p 00000000 00:00 0 
7fc14c929000-7fc14caa1000 ---p 00000000 00:00 0 
7fc14caa1000-7fc14cb0b000 rw-p 00000000 00:00 0 
7fc14cb0b000-7fc14cc83000 ---p 00000000 00:00 0 
7fc14cc83000-7fc14cced000 rw-p 00000000 00:00 0 
7fc14cced000-7fc14ce65000 ---p 00000000 00:00 0 
7fc14ce65000-7fc14d26a000 rw-p 00000000 00:00 0 
7fc14d26a000-7fc14d26b000 ---p 00000000 00:00 0 
7fc14d26b000-7fc14d372000 rw-p 00000000 00:00 0 
7fc14d372000-7fc14d457000 ---p 00000000 00:00 0 
7fc14d457000-7fc14d478000 rw-p 00000000 00:00 0 
7fc14d478000-7fc14d542000 ---p 00000000 00:00 0 
7fc14d542000-7fc14d547000 r-xp 00000000 08:02 6685498                    /usr/lib/jvm/java-11-openjdk-amd64/lib/libjimage.so
7fc14d547000-7fc14d746000 ---p 00005000 08:02 6685498                    /usr/lib/jvm/java-11-openjdk-amd64/lib/libjimage.so
7fc14d746000-7fc14d747000 r--p 00004000 08:02 6685498                    /usr/lib/jvm/java-11-openjdk-amd64/lib/libjimage.so
7fc14d747000-7fc14d748000 rw-p 00005000 08:02 6685498                    /usr/lib/jvm/java-11-openjdk-amd64/lib/libjimage.so
7fc14d748000-7fc14d74f000 r-xp 00000000 08:02 6689489                    /usr/lib/jvm/java-11-openjdk-amd64/lib/libzip.so
7fc14d74f000-7fc14d94e000 ---p 00007000 08:02 6689489                    /usr/lib/jvm/java-11-openjdk-amd64/lib/libzip.so
7fc14d94e000-7fc14d94f000 r--p 00006000 08:02 6689489                    /usr/lib/jvm/java-11-openjdk-amd64/lib/libzip.so
7fc14d94f000-7fc14d950000 rw-p 00007000 08:02 6689489                    /usr/lib/jvm/java-11-openjdk-amd64/lib/libzip.so
7fc14d950000-7fc14d95b000 r-xp 00000000 08:02 27398988                   /lib/x86_64-linux-gnu/libnss_files-2.27.so
7fc14d95b000-7fc14db5a000 ---p 0000b000 08:02 27398988                   /lib/x86_64-linux-gnu/libnss_files-2.27.so
7fc14db5a000-7fc14db5b000 r--p 0000a000 08:02 27398988                   /lib/x86_64-linux-gnu/libnss_files-2.27.so
7fc14db5b000-7fc14db5c000 rw-p 0000b000 08:02 27398988                   /lib/x86_64-linux-gnu/libnss_files-2.27.so
7fc14db5c000-7fc14db62000 rw-p 00000000 00:00 0 
7fc14db62000-7fc14db79000 r-xp 00000000 08:02 27398982                   /lib/x86_64-linux-gnu/libnsl-2.27.so
7fc14db79000-7fc14dd78000 ---p 00017000 08:02 27398982                   /lib/x86_64-linux-gnu/libnsl-2.27.so
7fc14dd78000-7fc14dd79000 r--p 00016000 08:02 27398982                   /lib/x86_64-linux-gnu/libnsl-2.27.so
7fc14dd79000-7fc14dd7a000 rw-p 00017000 08:02 27398982                   /lib/x86_64-linux-gnu/libnsl-2.27.so
7fc14dd7a000-7fc14dd7c000 rw-p 00000000 00:00 0 
7fc14dd7c000-7fc14dd87000 r-xp 00000000 08:02 27398999                   /lib/x86_64-linux-gnu/libnss_nis-2.27.so
7fc14dd87000-7fc14df86000 ---p 0000b000 08:02 27398999                   /lib/x86_64-linux-gnu/libnss_nis-2.27.so
7fc14df86000-7fc14df87000 r--p 0000a000 08:02 27398999                   /lib/x86_64-linux-gnu/libnss_nis-2.27.so
7fc14df87000-7fc14df88000 rw-p 0000b000 08:02 27398999                   /lib/x86_64-linux-gnu/libnss_nis-2.27.so
7fc14df88000-7fc14df90000 r-xp 00000000 08:02 27398984                   /lib/x86_64-linux-gnu/libnss_compat-2.27.so
7fc14df90000-7fc14e190000 ---p 00008000 08:02 27398984                   /lib/x86_64-linux-gnu/libnss_compat-2.27.so
7fc14e190000-7fc14e191000 r--p 00008000 08:02 27398984                   /lib/x86_64-linux-gnu/libnss_compat-2.27.so
7fc14e191000-7fc14e192000 rw-p 00009000 08:02 27398984                   /lib/x86_64-linux-gnu/libnss_compat-2.27.so
7fc14e192000-7fc14e1bb000 r-xp 00000000 08:02 6685494                    /usr/lib/jvm/java-11-openjdk-amd64/lib/libjava.so
7fc14e1bb000-7fc14e3ba000 ---p 00029000 08:02 6685494                    /usr/lib/jvm/java-11-openjdk-amd64/lib/libjava.so
7fc14e3ba000-7fc14e3bb000 r--p 00028000 08:02 6685494                    /usr/lib/jvm/java-11-openjdk-amd64/lib/libjava.so
7fc14e3bb000-7fc14e3bd000 rw-p 00029000 08:02 6685494                    /usr/lib/jvm/java-11-openjdk-amd64/lib/libjava.so
7fc14e3bd000-7fc14e3ca000 r-xp 00000000 08:02 6689488                    /usr/lib/jvm/java-11-openjdk-amd64/lib/libverify.so
7fc14e3ca000-7fc14e5c9000 ---p 0000d000 08:02 6689488                    /usr/lib/jvm/java-11-openjdk-amd64/lib/libverify.so
7fc14e5c9000-7fc14e5cb000 r--p 0000c000 08:02 6689488                    /usr/lib/jvm/java-11-openjdk-amd64/lib/libverify.so
7fc14e5cb000-7fc14e5cc000 rw-p 0000e000 08:02 6689488                    /usr/lib/jvm/java-11-openjdk-amd64/lib/libverify.so
7fc14e5cc000-7fc14e5d3000 r-xp 00000000 08:02 27399039                   /lib/x86_64-linux-gnu/librt-2.27.so
7fc14e5d3000-7fc14e7d2000 ---p 00007000 08:02 27399039                   /lib/x86_64-linux-gnu/librt-2.27.so
7fc14e7d2000-7fc14e7d3000 r--p 00006000 08:02 27399039                   /lib/x86_64-linux-gnu/librt-2.27.so
7fc14e7d3000-7fc14e7d4000 rw-p 00007000 08:02 27399039                   /lib/x86_64-linux-gnu/librt-2.27.so
7fc14e7d4000-7fc14e7eb000 r-xp 00000000 08:02 27395828                   /lib/x86_64-linux-gnu/libgcc_s.so.1
7fc14e7eb000-7fc14e9ea000 ---p 00017000 08:02 27395828                   /lib/x86_64-linux-gnu/libgcc_s.so.1
7fc14e9ea000-7fc14e9eb000 r--p 00016000 08:02 27395828                   /lib/x86_64-linux-gnu/libgcc_s.so.1
7fc14e9eb000-7fc14e9ec000 rw-p 00017000 08:02 27395828                   /lib/x86_64-linux-gnu/libgcc_s.so.1
7fc14e9ec000-7fc14eb89000 r-xp 00000000 08:02 27398961                   /lib/x86_64-linux-gnu/libm-2.27.so
7fc14eb89000-7fc14ed88000 ---p 0019d000 08:02 27398961                   /lib/x86_64-linux-gnu/libm-2.27.so
7fc14ed88000-7fc14ed89000 r--p 0019c000 08:02 27398961                   /lib/x86_64-linux-gnu/libm-2.27.so
7fc14ed89000-7fc14ed8a000 rw-p 0019d000 08:02 27398961                   /lib/x86_64-linux-gnu/libm-2.27.so
7fc14ed8a000-7fc14ef03000 r-xp 00000000 08:02 4587651                    /usr/lib/x86_64-linux-gnu/libstdc++.so.6.0.25
7fc14ef03000-7fc14f103000 ---p 00179000 08:02 4587651                    /usr/lib/x86_64-linux-gnu/libstdc++.so.6.0.25
7fc14f103000-7fc14f10d000 r--p 00179000 08:02 4587651                    /usr/lib/x86_64-linux-gnu/libstdc++.so.6.0.25
7fc14f10d000-7fc14f10f000 rw-p 00183000 08:02 4587651                    /usr/lib/x86_64-linux-gnu/libstdc++.so.6.0.25
7fc14f10f000-7fc14f113000 rw-p 00000000 00:00 0 
7fc14f113000-7fc1501df000 r-xp 00000000 08:02 6689577                    /usr/lib/jvm/java-11-openjdk-amd64/lib/server/libjvm.so
7fc1501df000-7fc1503de000 ---p 010cc000 08:02 6689577                    /usr/lib/jvm/java-11-openjdk-amd64/lib/server/libjvm.so
7fc1503de000-7fc15049b000 r--p 010cb000 08:02 6689577                    /usr/lib/jvm/java-11-openjdk-amd64/lib/server/libjvm.so
7fc15049b000-7fc1504d4000 rw-p 01188000 08:02 6689577                    /usr/lib/jvm/java-11-openjdk-amd64/lib/server/libjvm.so
7fc1504d4000-7fc15052a000 rw-p 00000000 00:00 0 
7fc15052a000-7fc150544000 r-xp 00000000 08:02 27399031                   /lib/x86_64-linux-gnu/libpthread-2.27.so
7fc150544000-7fc150743000 ---p 0001a000 08:02 27399031                   /lib/x86_64-linux-gnu/libpthread-2.27.so
7fc150743000-7fc150744000 r--p 00019000 08:02 27399031                   /lib/x86_64-linux-gnu/libpthread-2.27.so
7fc150744000-7fc150745000 rw-p 0001a000 08:02 27399031                   /lib/x86_64-linux-gnu/libpthread-2.27.so
7fc150745000-7fc150749000 rw-p 00000000 00:00 0 
7fc150749000-7fc15074c000 r-xp 00000000 08:02 27398921                   /lib/x86_64-linux-gnu/libdl-2.27.so
7fc15074c000-7fc15094b000 ---p 00003000 08:02 27398921                   /lib/x86_64-linux-gnu/libdl-2.27.so
7fc15094b000-7fc15094c000 r--p 00002000 08:02 27398921                   /lib/x86_64-linux-gnu/libdl-2.27.so
7fc15094c000-7fc15094d000 rw-p 00003000 08:02 27398921                   /lib/x86_64-linux-gnu/libdl-2.27.so
7fc15094d000-7fc150969000 r-xp 00000000 08:02 27399070                   /lib/x86_64-linux-gnu/libz.so.1.2.11
7fc150969000-7fc150b68000 ---p 0001c000 08:02 27399070                   /lib/x86_64-linux-gnu/libz.so.1.2.11
7fc150b68000-7fc150b69000 r--p 0001b000 08:02 27399070                   /lib/x86_64-linux-gnu/libz.so.1.2.11
7fc150b69000-7fc150b6a000 rw-p 0001c000 08:02 27399070                   /lib/x86_64-linux-gnu/libz.so.1.2.11
7fc150b6a000-7fc150d51000 r-xp 00000000 08:02 27398898                   /lib/x86_64-linux-gnu/libc-2.27.so
7fc150d51000-7fc150f51000 ---p 001e7000 08:02 27398898                   /lib/x86_64-linux-gnu/libc-2.27.so
7fc150f51000-7fc150f55000 r--p 001e7000 08:02 27398898                   /lib/x86_64-linux-gnu/libc-2.27.so
7fc150f55000-7fc150f57000 rw-p 001eb000 08:02 27398898                   /lib/x86_64-linux-gnu/libc-2.27.so
7fc150f57000-7fc150f5b000 rw-p 00000000 00:00 0 
7fc150f5b000-7fc150f6b000 r-xp 00000000 08:02 6685478                    /usr/lib/jvm/java-11-openjdk-amd64/lib/jli/libjli.so
7fc150f6b000-7fc15116a000 ---p 00010000 08:02 6685478                    /usr/lib/jvm/java-11-openjdk-amd64/lib/jli/libjli.so
7fc15116a000-7fc15116b000 r--p 0000f000 08:02 6685478                    /usr/lib/jvm/java-11-openjdk-amd64/lib/jli/libjli.so
7fc15116b000-7fc15116c000 rw-p 00010000 08:02 6685478                    /usr/lib/jvm/java-11-openjdk-amd64/lib/jli/libjli.so
7fc15116c000-7fc151193000 r-xp 00000000 08:02 27398870                   /lib/x86_64-linux-gnu/ld-2.27.so
7fc1511af000-7fc151270000 rw-p 00000000 00:00 0 
7fc151270000-7fc151277000 ---p 00000000 00:00 0 
7fc151277000-7fc15127b000 ---p 00000000 00:00 0 
7fc15127b000-7fc15137a000 rw-p 00000000 00:00 0 
7fc151385000-7fc151387000 r--s 00007000 08:02 4984180                    /usr/share/java/java-atk-wrapper.jar
7fc151387000-7fc15138f000 rw-s 00000000 08:02 12979080                   /tmp/hsperfdata_alice/15706
7fc15138f000-7fc151390000 ---p 00000000 00:00 0 
7fc151390000-7fc151391000 r--p 00000000 00:00 0 
7fc151391000-7fc151393000 rw-p 00000000 00:00 0 
7fc151393000-7fc151394000 r--p 00027000 08:02 27398870                   /lib/x86_64-linux-gnu/ld-2.27.so
7fc151394000-7fc151395000 rw-p 00028000 08:02 27398870                   /lib/x86_64-linux-gnu/ld-2.27.so
7fc151395000-7fc151396000 rw-p 00000000 00:00 0 
7ffff3807000-7ffff3829000 rw-p 00000000 00:00 0                          [stack]
7ffff393b000-7ffff393e000 r--p 00000000 00:00 0                          [vvar]
7ffff393e000-7ffff393f000 r-xp 00000000 00:00 0                          [vdso]
ffffffffff600000-ffffffffff601000 r-xp 00000000 00:00 0                  [vsyscall]


VM Arguments:
jvm_args: -Dfile.encoding=UTF-8 
java_command: org.eclipse.emf.mwe2.launch.runtime.Mwe2Launcher src/org/xtext/tcc/mydsl/GenerateMyDsl.mwe2
java_class_path (initial): /home/alice/Documentos/geradorcodigo-api-spring/org.xtext.tcc.mydsl/bin:/home/alice/Downloads/eclipse-dsl-2019-06-R-linux-gtk-x86_64/eclipse/plugins/org.eclipse.xtext_2.18.0.v20190528-0021.jar:/home/alice/Downloads/eclipse-dsl-2019-06-R-linux-gtk-x86_64/eclipse/plugins/org.eclipse.emf.ecore.xmi_2.16.0.v20190528-0725.jar:/home/alice/Downloads/eclipse-dsl-2019-06-R-linux-gtk-x86_64/eclipse/plugins/org.eclipse.emf.ecore_2.18.0.v20190528-0845.jar:/home/alice/Downloads/eclipse-dsl-2019-06-R-linux-gtk-x86_64/eclipse/plugins/org.eclipse.emf.common_2.16.0.v20190528-0845.jar:/home/alice/Downloads/eclipse-dsl-2019-06-R-linux-gtk-x86_64/eclipse/plugins/org.antlr.runtime_3.2.0.v201101311130.jar:/home/alice/Downloads/eclipse-dsl-2019-06-R-linux-gtk-x86_64/eclipse/plugins/com.google.inject_3.0.0.v201605172100.jar:/home/alice/Downloads/eclipse-dsl-2019-06-R-linux-gtk-x86_64/eclipse/plugins/org.eclipse.emf.mwe.core_1.4.0.jar:/home/alice/Downloads/eclipse-dsl-2019-06-R-linux-gtk-x86_64/eclipse/plugins/org.apache.commons.cli_1.2.0.v201404270220.jar:/home/alice/Downloads/eclipse-dsl-2019-06-R-linux-gtk-x86_64/eclipse/plugins/org.eclipse.emf.mwe2.runtime_2.10.0.jar:/home/alice/Downloads/eclipse-dsl-2019-06-R-linux-gtk-x86_64/eclipse/plugins/org.eclipse.emf.mwe.utils_1.4.0.jar:/home/alice/Downloads/eclipse-dsl-2019-06-R-linux-gtk-x86_64/eclipse/plugins/org.eclipse.xtext.util_2.18.0.v20190528-0021.jar:/home/alice/Downloads/eclipse-dsl-2019-06-R-linux-gtk-x86_64/eclipse/plugins/com.google.guava_21.0.0.v20170206-1425.jar:/home/alice/Downloads/eclipse-dsl-2019-06-R-linux-gtk-x86_64/eclipse/plugins/javax.inject_1.0.0.v20091030.jar:/home/alice/Downloads/eclipse-dsl-2019-06-R-linux-gtk-x86_64/eclipse/plugins/org.eclipse.xtext.xbase_2.18.0.v20190528-0033.jar:/home/alice/Downloads/eclipse-dsl-2019-06-R-linux-gtk-x86_64/eclipse/plugins/org.eclipse.xtext.common.types_2.18.0.v20190528-0033.jar:/home/alice/Downloads/eclipse-dsl-2019-06-R-linux-gtk-x86_64/eclipse/plugins/
Launcher Type: SUN_STANDARD

[Global flags]
     intx CICompilerCount                          = 3                                         {product} {ergonomic}
     uint ConcGCThreads                            = 1                                         {product} {ergonomic}
     uint G1ConcRefinementThreads                  = 4                                         {product} {ergonomic}
   size_t G1HeapRegionSize                         = 1048576                                   {product} {ergonomic}
    uintx GCDrainStackTargetSize                   = 64                                        {product} {ergonomic}
   size_t InitialHeapSize                          = 65011712                                  {product} {ergonomic}
   size_t MarkStackSize                            = 4194304                                   {product} {ergonomic}
   size_t MaxHeapSize                              = 1010827264                                {product} {ergonomic}
   size_t MaxNewSize                               = 606076928                                 {product} {ergonomic}
   size_t MinHeapDeltaBytes                        = 1048576                                   {product} {ergonomic}
    uintx NonNMethodCodeHeapSize                   = 5830092                                {pd product} {ergonomic}
    uintx NonProfiledCodeHeapSize                  = 122914074                              {pd product} {ergonomic}
    uintx ProfiledCodeHeapSize                     = 122914074                              {pd product} {ergonomic}
    uintx ReservedCodeCacheSize                    = 251658240                              {pd product} {ergonomic}
     bool SegmentedCodeCache                       = true                                      {product} {ergonomic}
     bool UseCompressedClassPointers               = true                                 {lp64_product} {ergonomic}
     bool UseCompressedOops                        = true                                 {lp64_product} {ergonomic}
     bool UseG1GC                                  = true                                      {product} {ergonomic}

Logging:
Log output configuration:
 #0: stdout all=warning uptime,level,tags
 #1: stderr all=off uptime,level,tags

Environment Variables:
PATH=/usr/local/sbin:/usr/local/bin:/usr/sbin:/usr/bin:/sbin:/bin:/usr/games:/usr/local/games:/snap/bin
USERNAME=alice
SHELL=/bin/bash
DISPLAY=:0

Signal Handlers:
SIGSEGV: [libjvm.so+0xde5f50], sa_mask[0]=11111111011111111101111111111110, sa_flags=SA_RESTART|SA_SIGINFO
SIGBUS: [libjvm.so+0xde5f50], sa_mask[0]=11111111011111111101111111111110, sa_flags=SA_RESTART|SA_SIGINFO
SIGFPE: [libjvm.so+0xde5f50], sa_mask[0]=11111111011111111101111111111110, sa_flags=SA_RESTART|SA_SIGINFO
SIGPIPE: [libjvm.so+0xbba5b0], sa_mask[0]=11111111011111111101111111111110, sa_flags=SA_RESTART|SA_SIGINFO
SIGXFSZ: [libjvm.so+0xbba5b0], sa_mask[0]=11111111011111111101111111111110, sa_flags=SA_RESTART|SA_SIGINFO
SIGILL: [libjvm.so+0xde5f50], sa_mask[0]=11111111011111111101111111111110, sa_flags=SA_RESTART|SA_SIGINFO
SIGUSR2: [libjvm.so+0xbba450], sa_mask[0]=00100000000000000000000000000000, sa_flags=SA_RESTART|SA_SIGINFO
SIGHUP: [libjvm.so+0xbba7b0], sa_mask[0]=11111111011111111101111111111110, sa_flags=SA_RESTART|SA_SIGINFO
SIGINT: [libjvm.so+0xbba7b0], sa_mask[0]=11111111011111111101111111111110, sa_flags=SA_RESTART|SA_SIGINFO
SIGTERM: [libjvm.so+0xbba7b0], sa_mask[0]=11111111011111111101111111111110, sa_flags=SA_RESTART|SA_SIGINFO
SIGQUIT: [libjvm.so+0xbba7b0], sa_mask[0]=11111111011111111101111111111110, sa_flags=SA_RESTART|SA_SIGINFO


---------------  S Y S T E M  ---------------

OS:DISTRIB_ID=Ubuntu
DISTRIB_RELEASE=18.04
DISTRIB_CODENAME=bionic
DISTRIB_DESCRIPTION="Ubuntu 18.04.2 LTS"
uname:Linux 5.0.0-27-generic #28~18.04.1-Ubuntu SMP Thu Aug 22 03:00:32 UTC 2019 x86_64
libc:glibc 2.27 NPTL 2.27 
rlimit: STACK 8192k, CORE 0k, NPROC 15224, NOFILE 4096, AS infinity, DATA infinity, FSIZE infinity
load average:3,31 2,07 1,71

/proc/meminfo:
MemTotal:        3945384 kB
MemFree:          101200 kB
MemAvailable:      59456 kB
Buffers:            5072 kB
Cached:           247028 kB
SwapCached:        39064 kB
Active:          2906268 kB
Inactive:         625432 kB
Active(anon):    2860800 kB
Inactive(anon):   572180 kB
Active(file):      45468 kB
Inactive(file):    53252 kB
Unevictable:        1044 kB
Mlocked:             432 kB
SwapTotal:       2097148 kB
SwapFree:          40316 kB
Dirty:              1176 kB
Writeback:             0 kB
AnonPages:       3240848 kB
Mapped:           166856 kB
Shmem:            153008 kB
KReclaimable:      54336 kB
Slab:             124828 kB
SReclaimable:      54336 kB
SUnreclaim:        70492 kB
KernelStack:       17360 kB
PageTables:        84356 kB
NFS_Unstable:          0 kB
Bounce:                0 kB
WritebackTmp:          0 kB
CommitLimit:     4069840 kB
Committed_AS:   13259500 kB
VmallocTotal:   34359738367 kB
VmallocUsed:           0 kB
VmallocChunk:          0 kB
Percpu:             1264 kB
HardwareCorrupted:     0 kB
AnonHugePages:         0 kB
ShmemHugePages:        0 kB
ShmemPmdMapped:        0 kB
CmaTotal:              0 kB
CmaFree:               0 kB
HugePages_Total:       0
HugePages_Free:        0
HugePages_Rsvd:        0
HugePages_Surp:        0
Hugepagesize:       2048 kB
Hugetlb:               0 kB
DirectMap4k:      457724 kB
DirectMap2M:     3645440 kB
DirectMap1G:           0 kB


/proc/sys/kernel/threads-max (system-wide limit on the number of threads):
30449


/proc/sys/vm/max_map_count (maximum number of memory map areas a process may have):
65530


/proc/sys/kernel/pid_max (system-wide limit on number of process identifiers):
32768



container (cgroup) information:
container_type: cgroupv1
cpu_cpuset_cpus: 0-3
cpu_memory_nodes: 0
active_processor_count: 4
cpu_quota: -1
cpu_period: 100000
cpu_shares: -1
memory_limit_in_bytes: -1
memory_and_swap_limit_in_bytes: -2
memory_soft_limit_in_bytes: -1
memory_usage_in_bytes: 3612708864
memory_max_usage_in_bytes: 1979846656

Steal ticks since vm start: 0
Steal ticks percentage since vm start:  0,000

CPU:total 4 (initial active 4) (2 cores per cpu, 2 threads per core) family 6 model 61 stepping 4, cmov, cx8, fxsr, mmx, sse, sse2, sse3, ssse3, sse4.1, sse4.2, popcnt, avx, avx2, aes, clmul, erms, 3dnowpref, lzcnt, ht, tsc, tscinvbit, bmi1, bmi2, adx, fma
CPU Model and flags from /proc/cpuinfo:
model name	: Intel(R) Core(TM) i5-5200U CPU @ 2.20GHz
flags		: fpu vme de pse tsc msr pae mce cx8 apic sep mtrr pge mca cmov pat pse36 clflush dts acpi mmx fxsr sse sse2 ss ht tm pbe syscall nx pdpe1gb rdtscp lm constant_tsc arch_perfmon pebs bts rep_good nopl xtopology nonstop_tsc cpuid aperfmperf pni pclmulqdq dtes64 monitor ds_cpl vmx est tm2 ssse3 sdbg fma cx16 xtpr pdcm pcid sse4_1 sse4_2 x2apic movbe popcnt tsc_deadline_timer aes xsave avx f16c rdrand lahf_lm abm 3dnowprefetch cpuid_fault epb invpcid_single pti ssbd ibrs ibpb stibp tpr_shadow vnmi flexpriority ept vpid ept_ad fsgsbase tsc_adjust bmi1 avx2 smep bmi2 erms invpcid rdseed adx smap intel_pt xsaveopt dtherm ida arat pln pts md_clear flush_l1d

Memory: 4k page, physical 3945384k(103596k free), swap 2097148k(40316k free)

vm_info: OpenJDK 64-Bit Server VM (11.0.4+11-post-Ubuntu-1ubuntu218.04.3) for linux-amd64 JRE (11.0.4+11-post-Ubuntu-1ubuntu218.04.3), built on Jul 18 2019 18:21:46 by "buildd" with gcc 7.4.0

END.
